# JRE version: Java(TM) SE Runtime Environment (15.0.2+7) (build 15.0.2+7-27)
# Java VM: Java HotSpot(TM) 64-Bit Server VM (15.0.2+7-27, mixed mode, sharing, tiered, compressed oops, g1 gc, windows-amd64)
GC Precious Log:
 CPUs: 4 total, 4 available
 Memory: 6059M
 Large Page Support: Disabled
 NUMA Support: Disabled
 Compressed Oops: Enabled (32-bit)
 Heap Region Size: 1M
 Heap Min Capacity: 8M
 Heap Initial Capacity: 96M
 Heap Max Capacity: 1516M
 Pre-touch: Disabled
 Parallel Workers: 4
 Concurrent Workers: 1
 Concurrent Refinement Workers: 4
 Periodic GC: Disabled
Heap:
 garbage-first heap   total 54272K, used 31060K [0x00000000a1400000, 0x0000000100000000)
  region size 1024K, 13 young (13312K), 3 survivors (3072K)
 Metaspace       used 27801K, capacity 28085K, committed 28156K, reserved 1073152K
  class space    used 3690K, capacity 3790K, committed 3836K, reserved 1048576K
GC Heap History (12 events):
Event: 2.208 GC heap before
{Heap before GC invocations=0 (full 0):
 garbage-first heap   total 98304K, used 12288K [0x00000000a1400000, 0x0000000100000000)
  region size 1024K, 13 young (13312K), 0 survivors (0K)
 Metaspace       used 2720K, capacity 5487K, committed 5760K, reserved 1056768K
  class space    used 288K, capacity 524K, committed 640K, reserved 1048576K
}
Event: 2.229 GC heap after
{Heap after GC invocations=1 (full 0):
 garbage-first heap   total 98304K, used 3610K [0x00000000a1400000, 0x0000000100000000)
  region size 1024K, 2 young (2048K), 2 survivors (2048K)
 Metaspace       used 2720K, capacity 5487K, committed 5760K, reserved 1056768K
  class space    used 288K, capacity 524K, committed 640K, reserved 1048576K
}
Event: 4.030 GC heap before
{Heap before GC invocations=1 (full 0):
 garbage-first heap   total 98304K, used 15898K [0x00000000a1400000, 0x0000000100000000)
  region size 1024K, 15 young (15360K), 2 survivors (2048K)
 Metaspace       used 7714K, capacity 9034K, committed 9216K, reserved 1056768K
  class space    used 791K, capacity 897K, committed 1024K, reserved 1048576K
}
Event: 4.052 GC heap after
{Heap after GC invocations=2 (full 0):
 garbage-first heap   total 98304K, used 6821K [0x00000000a1400000, 0x0000000100000000)
  region size 1024K, 2 young (2048K), 2 survivors (2048K)
 Metaspace       used 7714K, capacity 9034K, committed 9216K, reserved 1056768K
  class space    used 791K, capacity 897K, committed 1024K, reserved 1048576K
}
Event: 6.077 GC heap before
{Heap before GC invocations=2 (full 0):
 garbage-first heap   total 98304K, used 27301K [0x00000000a1400000, 0x0000000100000000)
  region size 1024K, 23 young (23552K), 2 survivors (2048K)
 Metaspace       used 16362K, capacity 16593K, committed 16896K, reserved 1064960K
  class space    used 1893K, capacity 1985K, committed 2048K, reserved 1048576K
}
Event: 6.087 GC heap after
{Heap after GC invocations=3 (full 0):
 garbage-first heap   total 98304K, used 9647K [0x00000000a1400000, 0x0000000100000000)
  region size 1024K, 3 young (3072K), 3 survivors (3072K)
 Metaspace       used 16362K, capacity 16593K, committed 16896K, reserved 1064960K
  class space    used 1893K, capacity 1985K, committed 2048K, reserved 1048576K
}
Event: 7.467 GC heap before
{Heap before GC invocations=3 (full 0):
 garbage-first heap   total 98304K, used 28079K [0x00000000a1400000, 0x0000000100000000)
  region size 1024K, 22 young (22528K), 3 survivors (3072K)
 Metaspace       used 20984K, capacity 21217K, committed 21248K, reserved 1067008K
  class space    used 2700K, capacity 2808K, committed 2816K, reserved 1048576K
}
Event: 7.488 GC heap after
{Heap after GC invocations=4 (full 0):
 garbage-first heap   total 98304K, used 11490K [0x00000000a1400000, 0x0000000100000000)
  region size 1024K, 5 young (5120K), 5 survivors (5120K)
 Metaspace       used 20984K, capacity 21217K, committed 21248K, reserved 1067008K
  class space    used 2700K, capacity 2808K, committed 2816K, reserved 1048576K
}
Event: 9.525 GC heap before
{Heap before GC invocations=5 (full 0):
 garbage-first heap   total 45056K, used 32994K [0x00000000a1400000, 0x0000000100000000)
  region size 1024K, 26 young (26624K), 5 survivors (5120K)
 Metaspace       used 23931K, capacity 24163K, committed 24444K, reserved 1071104K
  class space    used 3196K, capacity 3297K, committed 3452K, reserved 1048576K
}
Event: 9.569 GC heap after
{Heap after GC invocations=6 (full 0):
 garbage-first heap   total 45056K, used 16170K [0x00000000a1400000, 0x0000000100000000)
  region size 1024K, 4 young (4096K), 4 survivors (4096K)
 Metaspace       used 23931K, capacity 24163K, committed 24444K, reserved 1071104K
  class space    used 3196K, capacity 3297K, committed 3452K, reserved 1048576K
}
Event: 10.962 GC heap before
{Heap before GC invocations=6 (full 0):
 garbage-first heap   total 45056K, used 31530K [0x00000000a1400000, 0x0000000100000000)
  region size 1024K, 18 young (18432K), 4 survivors (4096K)
 Metaspace       used 26357K, capacity 26639K, committed 26748K, reserved 1073152K
  class space    used 3515K, capacity 3630K, committed 3708K, reserved 1048576K
}
Event: 10.992 GC heap after
{Heap after GC invocations=7 (full 0):
 garbage-first heap   total 54272K, used 21844K [0x00000000a1400000, 0x0000000100000000)
  region size 1024K, 3 young (3072K), 3 survivors (3072K)
 Metaspace       used 26357K, capacity 26639K, committed 26748K, reserved 1073152K
  class space    used 3515K, capacity 3630K, committed 3708K, reserved 1048576K
}

